2023-10-26 03:18:34,504 SETUP 0, COM13, main
2023-10-26 03:18:34,507 SETUP 1, COM9, main
2023-10-26 12:00:28,765 SETUP 0, COM13, main
2023-10-26 12:01:06,259 SETUP 0, COM13, main
2023-10-26 12:01:06,262 SETUP 1, COM9, main
2023-10-26 12:02:28,203 SETUP 0, COM13, main
2023-10-26 12:02:28,206 SETUP 1, COM9, main
2023-10-26 12:03:25,406 reverseFF nan
2023-10-26 12:03:25,407 forwardFF nan
2023-10-26 12:03:25,407 reverseJSC nan
2023-10-26 12:03:25,407 forwardJSC nan
2023-10-26 12:03:25,407 reverseVOC nan
2023-10-26 12:03:25,407 forwardVOC nan
2023-10-26 12:06:32,912 SETUP 0, COM13, main
2023-10-26 12:06:32,915 SETUP 1, COM9, main
2023-10-26 12:08:43,711 SETUP 0, COM13, main
2023-10-26 12:08:43,714 SETUP 1, COM9, main
2023-10-26 12:11:10,208 SETUP 0, COM13, main
2023-10-26 12:11:10,211 SETUP 1, COM9, main
2023-10-26 14:17:21,597 reverseFF nan
2023-10-26 14:17:21,597 forwardFF nan
2023-10-26 14:17:21,597 reverseJSC nan
2023-10-26 14:17:21,597 forwardJSC nan
2023-10-26 14:17:21,598 reverseVOC nan
2023-10-26 14:17:21,598 forwardVOC nan
2023-10-26 14:17:23,797 reverseFF nan
2023-10-26 14:17:23,798 forwardFF nan
2023-10-26 14:17:23,798 reverseJSC nan
2023-10-26 14:17:23,798 forwardJSC nan
2023-10-26 14:17:23,798 reverseVOC nan
2023-10-26 14:17:23,798 forwardVOC nan
2023-10-26 14:24:06,062 reverseFF nan
2023-10-26 14:24:06,062 forwardFF nan
2023-10-26 14:24:06,062 reverseJSC nan
2023-10-26 14:24:06,062 forwardJSC nan
2023-10-26 14:24:06,062 reverseVOC nan
2023-10-26 14:24:06,062 forwardVOC nan
2023-10-26 14:24:08,196 reverseFF nan
2023-10-26 14:24:08,196 forwardFF nan
2023-10-26 14:24:08,196 reverseJSC nan
2023-10-26 14:24:08,196 forwardJSC nan
2023-10-26 14:24:08,197 reverseVOC nan
2023-10-26 14:24:08,197 forwardVOC nan
