Added Component: Designator=J1(SAMTEC_ERF8-060-05.0-L-DV-L-TR)
Added Component: Designator=P1(MHDR1X20)
Add component (AddParameter): Name = "LatestRevisionDate"; Value = "17-Jul-2002"; VariantName = "[No Variations]"
Add component (AddParameter): Name = "LatestRevisionNote"; Value = "Re-released for DXP Platform."; VariantName = "[No Variations]"
Add component (AddParameter): Name = "Publisher"; Value = "Altium Limited"; VariantName = "[No Variations]"
Added Component: Designator=P2(MHDR1X20)
Add component (AddParameter): Name = "LatestRevisionDate"; Value = "17-Jul-2002"; VariantName = "[No Variations]"
Add component (AddParameter): Name = "LatestRevisionNote"; Value = "Re-released for DXP Platform."; VariantName = "[No Variations]"
Add component (AddParameter): Name = "Publisher"; Value = "Altium Limited"; VariantName = "[No Variations]"
Added Component: Designator=P3(MHDR1X20)
Add component (AddParameter): Name = "LatestRevisionDate"; Value = "17-Jul-2002"; VariantName = "[No Variations]"
Add component (AddParameter): Name = "LatestRevisionNote"; Value = "Re-released for DXP Platform."; VariantName = "[No Variations]"
Add component (AddParameter): Name = "Publisher"; Value = "Altium Limited"; VariantName = "[No Variations]"
Added Component: Designator=P4(MHDR1X20)
Add component (AddParameter): Name = "LatestRevisionDate"; Value = "17-Jul-2002"; VariantName = "[No Variations]"
Add component (AddParameter): Name = "LatestRevisionNote"; Value = "Re-released for DXP Platform."; VariantName = "[No Variations]"
Add component (AddParameter): Name = "Publisher"; Value = "Altium Limited"; VariantName = "[No Variations]"
Added Component: Designator=P5(MHDR1X20)
Add component (AddParameter): Name = "LatestRevisionDate"; Value = "17-Jul-2002"; VariantName = "[No Variations]"
Add component (AddParameter): Name = "LatestRevisionNote"; Value = "Re-released for DXP Platform."; VariantName = "[No Variations]"
Add component (AddParameter): Name = "Publisher"; Value = "Altium Limited"; VariantName = "[No Variations]"
Added Component: Designator=P6(MHDR1X20)
Add component (AddParameter): Name = "LatestRevisionDate"; Value = "17-Jul-2002"; VariantName = "[No Variations]"
Add component (AddParameter): Name = "LatestRevisionNote"; Value = "Re-released for DXP Platform."; VariantName = "[No Variations]"
Add component (AddParameter): Name = "Publisher"; Value = "Altium Limited"; VariantName = "[No Variations]"
Added Pin To Net: NetName=NetJ1_01 Pin=J1-01
Added Pin To Net: NetName=NetJ1_01 Pin=P1-20
Added Net: Name=NetJ1_01
Added Pin To Net: NetName=NetJ1_02 Pin=J1-02
Added Pin To Net: NetName=NetJ1_02 Pin=P2-1
Added Net: Name=NetJ1_02
Added Pin To Net: NetName=NetJ1_03 Pin=J1-03
Added Pin To Net: NetName=NetJ1_03 Pin=P1-19
Added Net: Name=NetJ1_03
Added Pin To Net: NetName=NetJ1_04 Pin=J1-04
Added Pin To Net: NetName=NetJ1_04 Pin=P2-2
Added Net: Name=NetJ1_04
Added Pin To Net: NetName=NetJ1_05 Pin=J1-05
Added Pin To Net: NetName=NetJ1_05 Pin=P1-18
Added Net: Name=NetJ1_05
Added Pin To Net: NetName=NetJ1_06 Pin=J1-06
Added Pin To Net: NetName=NetJ1_06 Pin=P2-3
Added Net: Name=NetJ1_06
Added Pin To Net: NetName=NetJ1_07 Pin=J1-07
Added Pin To Net: NetName=NetJ1_07 Pin=P1-17
Added Net: Name=NetJ1_07
Added Pin To Net: NetName=NetJ1_08 Pin=J1-08
Added Pin To Net: NetName=NetJ1_08 Pin=P2-4
Added Net: Name=NetJ1_08
Added Pin To Net: NetName=NetJ1_09 Pin=J1-09
Added Pin To Net: NetName=NetJ1_09 Pin=P1-16
Added Net: Name=NetJ1_09
Added Pin To Net: NetName=NetJ1_10 Pin=J1-10
Added Pin To Net: NetName=NetJ1_10 Pin=P2-5
Added Net: Name=NetJ1_10
Added Pin To Net: NetName=NetJ1_11 Pin=J1-11
Added Pin To Net: NetName=NetJ1_11 Pin=P1-15
Added Net: Name=NetJ1_11
Added Pin To Net: NetName=NetJ1_12 Pin=J1-12
Added Pin To Net: NetName=NetJ1_12 Pin=P2-6
Added Net: Name=NetJ1_12
Added Pin To Net: NetName=NetJ1_13 Pin=J1-13
Added Pin To Net: NetName=NetJ1_13 Pin=P1-14
Added Net: Name=NetJ1_13
Added Pin To Net: NetName=NetJ1_14 Pin=J1-14
Added Pin To Net: NetName=NetJ1_14 Pin=P2-7
Added Net: Name=NetJ1_14
Added Pin To Net: NetName=NetJ1_15 Pin=J1-15
Added Pin To Net: NetName=NetJ1_15 Pin=P1-13
Added Net: Name=NetJ1_15
Added Pin To Net: NetName=NetJ1_16 Pin=J1-16
Added Pin To Net: NetName=NetJ1_16 Pin=P2-8
Added Net: Name=NetJ1_16
Added Pin To Net: NetName=NetJ1_17 Pin=J1-17
Added Pin To Net: NetName=NetJ1_17 Pin=P1-12
Added Net: Name=NetJ1_17
Added Pin To Net: NetName=NetJ1_18 Pin=J1-18
Added Pin To Net: NetName=NetJ1_18 Pin=P2-9
Added Net: Name=NetJ1_18
Added Pin To Net: NetName=NetJ1_19 Pin=J1-19
Added Pin To Net: NetName=NetJ1_19 Pin=P1-11
Added Net: Name=NetJ1_19
Added Pin To Net: NetName=NetJ1_20 Pin=J1-20
Added Pin To Net: NetName=NetJ1_20 Pin=P2-10
Added Net: Name=NetJ1_20
Added Pin To Net: NetName=NetJ1_21 Pin=J1-21
Added Pin To Net: NetName=NetJ1_21 Pin=P1-10
Added Net: Name=NetJ1_21
Added Pin To Net: NetName=NetJ1_22 Pin=J1-22
Added Pin To Net: NetName=NetJ1_22 Pin=P2-11
Added Net: Name=NetJ1_22
Added Pin To Net: NetName=NetJ1_23 Pin=J1-23
Added Pin To Net: NetName=NetJ1_23 Pin=P1-9
Added Net: Name=NetJ1_23
Added Pin To Net: NetName=NetJ1_24 Pin=J1-24
Added Pin To Net: NetName=NetJ1_24 Pin=P2-12
Added Net: Name=NetJ1_24
Added Pin To Net: NetName=NetJ1_25 Pin=J1-25
Added Pin To Net: NetName=NetJ1_25 Pin=P1-8
Added Net: Name=NetJ1_25
Added Pin To Net: NetName=NetJ1_26 Pin=J1-26
Added Pin To Net: NetName=NetJ1_26 Pin=P2-13
Added Net: Name=NetJ1_26
Added Pin To Net: NetName=NetJ1_27 Pin=J1-27
Added Pin To Net: NetName=NetJ1_27 Pin=P1-7
Added Net: Name=NetJ1_27
Added Pin To Net: NetName=NetJ1_28 Pin=J1-28
Added Pin To Net: NetName=NetJ1_28 Pin=P2-14
Added Net: Name=NetJ1_28
Added Pin To Net: NetName=NetJ1_29 Pin=J1-29
Added Pin To Net: NetName=NetJ1_29 Pin=P1-6
Added Net: Name=NetJ1_29
Added Pin To Net: NetName=NetJ1_30 Pin=J1-30
Added Pin To Net: NetName=NetJ1_30 Pin=P2-15
Added Net: Name=NetJ1_30
Added Pin To Net: NetName=NetJ1_31 Pin=J1-31
Added Pin To Net: NetName=NetJ1_31 Pin=P1-5
Added Net: Name=NetJ1_31
Added Pin To Net: NetName=NetJ1_32 Pin=J1-32
Added Pin To Net: NetName=NetJ1_32 Pin=P2-16
Added Net: Name=NetJ1_32
Added Pin To Net: NetName=NetJ1_33 Pin=J1-33
Added Pin To Net: NetName=NetJ1_33 Pin=P1-4
Added Net: Name=NetJ1_33
Added Pin To Net: NetName=NetJ1_34 Pin=J1-34
Added Pin To Net: NetName=NetJ1_34 Pin=P2-17
Added Net: Name=NetJ1_34
Added Pin To Net: NetName=NetJ1_35 Pin=J1-35
Added Pin To Net: NetName=NetJ1_35 Pin=P1-3
Added Net: Name=NetJ1_35
Added Pin To Net: NetName=NetJ1_36 Pin=J1-36
Added Pin To Net: NetName=NetJ1_36 Pin=P2-18
Added Net: Name=NetJ1_36
Added Pin To Net: NetName=NetJ1_37 Pin=J1-37
Added Pin To Net: NetName=NetJ1_37 Pin=P1-2
Added Net: Name=NetJ1_37
Added Pin To Net: NetName=NetJ1_38 Pin=J1-38
Added Pin To Net: NetName=NetJ1_38 Pin=P2-19
Added Net: Name=NetJ1_38
Added Pin To Net: NetName=NetJ1_39 Pin=J1-39
Added Pin To Net: NetName=NetJ1_39 Pin=P1-1
Added Net: Name=NetJ1_39
Added Pin To Net: NetName=NetJ1_40 Pin=J1-40
Added Pin To Net: NetName=NetJ1_40 Pin=P2-20
Added Net: Name=NetJ1_40
Added Pin To Net: NetName=NetJ1_41 Pin=J1-41
Added Pin To Net: NetName=NetJ1_41 Pin=P3-20
Added Net: Name=NetJ1_41
Added Pin To Net: NetName=NetJ1_42 Pin=J1-42
Added Pin To Net: NetName=NetJ1_42 Pin=P4-1
Added Net: Name=NetJ1_42
Added Pin To Net: NetName=NetJ1_43 Pin=J1-43
Added Pin To Net: NetName=NetJ1_43 Pin=P3-19
Added Net: Name=NetJ1_43
Added Pin To Net: NetName=NetJ1_44 Pin=J1-44
Added Pin To Net: NetName=NetJ1_44 Pin=P4-2
Added Net: Name=NetJ1_44
Added Pin To Net: NetName=NetJ1_45 Pin=J1-45
Added Pin To Net: NetName=NetJ1_45 Pin=P3-18
Added Net: Name=NetJ1_45
Added Pin To Net: NetName=NetJ1_46 Pin=J1-46
Added Pin To Net: NetName=NetJ1_46 Pin=P4-3
Added Net: Name=NetJ1_46
Added Pin To Net: NetName=NetJ1_47 Pin=J1-47
Added Pin To Net: NetName=NetJ1_47 Pin=P3-17
Added Net: Name=NetJ1_47
Added Pin To Net: NetName=NetJ1_48 Pin=J1-48
Added Pin To Net: NetName=NetJ1_48 Pin=P4-4
Added Net: Name=NetJ1_48
Added Pin To Net: NetName=NetJ1_49 Pin=J1-49
Added Pin To Net: NetName=NetJ1_49 Pin=P3-16
Added Net: Name=NetJ1_49
Added Pin To Net: NetName=NetJ1_50 Pin=J1-50
Added Pin To Net: NetName=NetJ1_50 Pin=P4-5
Added Net: Name=NetJ1_50
Added Pin To Net: NetName=NetJ1_51 Pin=J1-51
Added Pin To Net: NetName=NetJ1_51 Pin=P3-15
Added Net: Name=NetJ1_51
Added Pin To Net: NetName=NetJ1_52 Pin=J1-52
Added Pin To Net: NetName=NetJ1_52 Pin=P4-6
Added Net: Name=NetJ1_52
Added Pin To Net: NetName=NetJ1_53 Pin=J1-53
Added Pin To Net: NetName=NetJ1_53 Pin=P3-14
Added Net: Name=NetJ1_53
Added Pin To Net: NetName=NetJ1_54 Pin=J1-54
Added Pin To Net: NetName=NetJ1_54 Pin=P4-7
Added Net: Name=NetJ1_54
Added Pin To Net: NetName=NetJ1_55 Pin=J1-55
Added Pin To Net: NetName=NetJ1_55 Pin=P3-13
Added Net: Name=NetJ1_55
Added Pin To Net: NetName=NetJ1_56 Pin=J1-56
Added Pin To Net: NetName=NetJ1_56 Pin=P4-8
Added Net: Name=NetJ1_56
Added Pin To Net: NetName=NetJ1_57 Pin=J1-57
Added Pin To Net: NetName=NetJ1_57 Pin=P3-12
Added Net: Name=NetJ1_57
Added Pin To Net: NetName=NetJ1_58 Pin=J1-58
Added Pin To Net: NetName=NetJ1_58 Pin=P4-9
Added Net: Name=NetJ1_58
Added Pin To Net: NetName=NetJ1_59 Pin=J1-59
Added Pin To Net: NetName=NetJ1_59 Pin=P3-11
Added Net: Name=NetJ1_59
Added Pin To Net: NetName=NetJ1_60 Pin=J1-60
Added Pin To Net: NetName=NetJ1_60 Pin=P4-10
Added Net: Name=NetJ1_60
Added Pin To Net: NetName=NetJ1_61 Pin=J1-61
Added Pin To Net: NetName=NetJ1_61 Pin=P3-10
Added Net: Name=NetJ1_61
Added Pin To Net: NetName=NetJ1_62 Pin=J1-62
Added Pin To Net: NetName=NetJ1_62 Pin=P4-11
Added Net: Name=NetJ1_62
Added Pin To Net: NetName=NetJ1_63 Pin=J1-63
Added Pin To Net: NetName=NetJ1_63 Pin=P3-9
Added Net: Name=NetJ1_63
Added Pin To Net: NetName=NetJ1_64 Pin=J1-64
Added Pin To Net: NetName=NetJ1_64 Pin=P4-12
Added Net: Name=NetJ1_64
Added Pin To Net: NetName=NetJ1_65 Pin=J1-65
Added Pin To Net: NetName=NetJ1_65 Pin=P3-8
Added Net: Name=NetJ1_65
Added Pin To Net: NetName=NetJ1_66 Pin=J1-66
Added Pin To Net: NetName=NetJ1_66 Pin=P4-13
Added Net: Name=NetJ1_66
Added Pin To Net: NetName=NetJ1_67 Pin=J1-67
Added Pin To Net: NetName=NetJ1_67 Pin=P3-7
Added Net: Name=NetJ1_67
Added Pin To Net: NetName=NetJ1_68 Pin=J1-68
Added Pin To Net: NetName=NetJ1_68 Pin=P4-14
Added Net: Name=NetJ1_68
Added Pin To Net: NetName=NetJ1_69 Pin=J1-69
Added Pin To Net: NetName=NetJ1_69 Pin=P3-6
Added Net: Name=NetJ1_69
Added Pin To Net: NetName=NetJ1_70 Pin=J1-70
Added Pin To Net: NetName=NetJ1_70 Pin=P4-15
Added Net: Name=NetJ1_70
Added Pin To Net: NetName=NetJ1_71 Pin=J1-71
Added Pin To Net: NetName=NetJ1_71 Pin=P3-5
Added Net: Name=NetJ1_71
Added Pin To Net: NetName=NetJ1_72 Pin=J1-72
Added Pin To Net: NetName=NetJ1_72 Pin=P4-16
Added Net: Name=NetJ1_72
Added Pin To Net: NetName=NetJ1_73 Pin=J1-73
Added Pin To Net: NetName=NetJ1_73 Pin=P3-4
Added Net: Name=NetJ1_73
Added Pin To Net: NetName=NetJ1_74 Pin=J1-74
Added Pin To Net: NetName=NetJ1_74 Pin=P4-17
Added Net: Name=NetJ1_74
Added Pin To Net: NetName=NetJ1_75 Pin=J1-75
Added Pin To Net: NetName=NetJ1_75 Pin=P3-3
Added Net: Name=NetJ1_75
Added Pin To Net: NetName=NetJ1_76 Pin=J1-76
Added Pin To Net: NetName=NetJ1_76 Pin=P4-18
Added Net: Name=NetJ1_76
Added Pin To Net: NetName=NetJ1_77 Pin=J1-77
Added Pin To Net: NetName=NetJ1_77 Pin=P3-2
Added Net: Name=NetJ1_77
Added Pin To Net: NetName=NetJ1_78 Pin=J1-78
Added Pin To Net: NetName=NetJ1_78 Pin=P4-19
Added Net: Name=NetJ1_78
Added Pin To Net: NetName=NetJ1_79 Pin=J1-79
Added Pin To Net: NetName=NetJ1_79 Pin=P3-1
Added Net: Name=NetJ1_79
Added Pin To Net: NetName=NetJ1_80 Pin=J1-80
Added Pin To Net: NetName=NetJ1_80 Pin=P4-20
Added Net: Name=NetJ1_80
Added Pin To Net: NetName=NetJ1_81 Pin=J1-81
Added Pin To Net: NetName=NetJ1_81 Pin=P5-20
Added Net: Name=NetJ1_81
Added Pin To Net: NetName=NetJ1_82 Pin=J1-82
Added Pin To Net: NetName=NetJ1_82 Pin=P6-1
Added Net: Name=NetJ1_82
Added Pin To Net: NetName=NetJ1_83 Pin=J1-83
Added Pin To Net: NetName=NetJ1_83 Pin=P5-19
Added Net: Name=NetJ1_83
Added Pin To Net: NetName=NetJ1_84 Pin=J1-84
Added Pin To Net: NetName=NetJ1_84 Pin=P6-2
Added Net: Name=NetJ1_84
Added Pin To Net: NetName=NetJ1_85 Pin=J1-85
Added Pin To Net: NetName=NetJ1_85 Pin=P5-18
Added Net: Name=NetJ1_85
Added Pin To Net: NetName=NetJ1_86 Pin=J1-86
Added Pin To Net: NetName=NetJ1_86 Pin=P6-3
Added Net: Name=NetJ1_86
Added Pin To Net: NetName=NetJ1_87 Pin=J1-87
Added Pin To Net: NetName=NetJ1_87 Pin=P5-17
Added Net: Name=NetJ1_87
Added Pin To Net: NetName=NetJ1_88 Pin=J1-88
Added Pin To Net: NetName=NetJ1_88 Pin=P6-4
Added Net: Name=NetJ1_88
Added Pin To Net: NetName=NetJ1_89 Pin=J1-89
Added Pin To Net: NetName=NetJ1_89 Pin=P5-16
Added Net: Name=NetJ1_89
Added Pin To Net: NetName=NetJ1_90 Pin=J1-90
Added Pin To Net: NetName=NetJ1_90 Pin=P6-5
Added Net: Name=NetJ1_90
Added Pin To Net: NetName=NetJ1_91 Pin=J1-91
Added Pin To Net: NetName=NetJ1_91 Pin=P5-15
Added Net: Name=NetJ1_91
Added Pin To Net: NetName=NetJ1_92 Pin=J1-92
Added Pin To Net: NetName=NetJ1_92 Pin=P6-6
Added Net: Name=NetJ1_92
Added Pin To Net: NetName=NetJ1_93 Pin=J1-93
Added Pin To Net: NetName=NetJ1_93 Pin=P5-14
Added Net: Name=NetJ1_93
Added Pin To Net: NetName=NetJ1_94 Pin=J1-94
Added Pin To Net: NetName=NetJ1_94 Pin=P6-7
Added Net: Name=NetJ1_94
Added Pin To Net: NetName=NetJ1_95 Pin=J1-95
Added Pin To Net: NetName=NetJ1_95 Pin=P5-13
Added Net: Name=NetJ1_95
Added Pin To Net: NetName=NetJ1_96 Pin=J1-96
Added Pin To Net: NetName=NetJ1_96 Pin=P6-8
Added Net: Name=NetJ1_96
Added Pin To Net: NetName=NetJ1_97 Pin=J1-97
Added Pin To Net: NetName=NetJ1_97 Pin=P5-12
Added Net: Name=NetJ1_97
Added Pin To Net: NetName=NetJ1_98 Pin=J1-98
Added Pin To Net: NetName=NetJ1_98 Pin=P6-9
Added Net: Name=NetJ1_98
Added Pin To Net: NetName=NetJ1_99 Pin=J1-99
Added Pin To Net: NetName=NetJ1_99 Pin=P5-11
Added Net: Name=NetJ1_99
Added Pin To Net: NetName=NetJ1_100 Pin=J1-100
Added Pin To Net: NetName=NetJ1_100 Pin=P6-10
Added Net: Name=NetJ1_100
Added Pin To Net: NetName=NetJ1_101 Pin=J1-101
Added Pin To Net: NetName=NetJ1_101 Pin=P5-10
Added Net: Name=NetJ1_101
Added Pin To Net: NetName=NetJ1_102 Pin=J1-102
Added Pin To Net: NetName=NetJ1_102 Pin=P6-11
Added Net: Name=NetJ1_102
Added Pin To Net: NetName=NetJ1_103 Pin=J1-103
Added Pin To Net: NetName=NetJ1_103 Pin=P5-9
Added Net: Name=NetJ1_103
Added Pin To Net: NetName=NetJ1_104 Pin=J1-104
Added Pin To Net: NetName=NetJ1_104 Pin=P6-12
Added Net: Name=NetJ1_104
Added Pin To Net: NetName=NetJ1_105 Pin=J1-105
Added Pin To Net: NetName=NetJ1_105 Pin=P5-8
Added Net: Name=NetJ1_105
Added Pin To Net: NetName=NetJ1_106 Pin=J1-106
Added Pin To Net: NetName=NetJ1_106 Pin=P6-13
Added Net: Name=NetJ1_106
Added Pin To Net: NetName=NetJ1_107 Pin=J1-107
Added Pin To Net: NetName=NetJ1_107 Pin=P5-7
Added Net: Name=NetJ1_107
Added Pin To Net: NetName=NetJ1_108 Pin=J1-108
Added Pin To Net: NetName=NetJ1_108 Pin=P6-14
Added Net: Name=NetJ1_108
Added Pin To Net: NetName=NetJ1_109 Pin=J1-109
Added Pin To Net: NetName=NetJ1_109 Pin=P5-6
Added Net: Name=NetJ1_109
Added Pin To Net: NetName=NetJ1_110 Pin=J1-110
Added Pin To Net: NetName=NetJ1_110 Pin=P6-15
Added Net: Name=NetJ1_110
Added Pin To Net: NetName=NetJ1_111 Pin=J1-111
Added Pin To Net: NetName=NetJ1_111 Pin=P5-5
Added Net: Name=NetJ1_111
Added Pin To Net: NetName=NetJ1_112 Pin=J1-112
Added Pin To Net: NetName=NetJ1_112 Pin=P6-16
Added Net: Name=NetJ1_112
Added Pin To Net: NetName=NetJ1_113 Pin=J1-113
Added Pin To Net: NetName=NetJ1_113 Pin=P5-4
Added Net: Name=NetJ1_113
Added Pin To Net: NetName=NetJ1_114 Pin=J1-114
Added Pin To Net: NetName=NetJ1_114 Pin=P6-17
Added Net: Name=NetJ1_114
Added Pin To Net: NetName=NetJ1_115 Pin=J1-115
Added Pin To Net: NetName=NetJ1_115 Pin=P5-3
Added Net: Name=NetJ1_115
Added Pin To Net: NetName=NetJ1_116 Pin=J1-116
Added Pin To Net: NetName=NetJ1_116 Pin=P6-18
Added Net: Name=NetJ1_116
Added Pin To Net: NetName=NetJ1_117 Pin=J1-117
Added Pin To Net: NetName=NetJ1_117 Pin=P5-2
Added Net: Name=NetJ1_117
Added Pin To Net: NetName=NetJ1_118 Pin=J1-118
Added Pin To Net: NetName=NetJ1_118 Pin=P6-19
Added Net: Name=NetJ1_118
Added Pin To Net: NetName=NetJ1_119 Pin=J1-119
Added Pin To Net: NetName=NetJ1_119 Pin=P5-1
Added Net: Name=NetJ1_119
Added Pin To Net: NetName=NetJ1_120 Pin=J1-120
Added Pin To Net: NetName=NetJ1_120 Pin=P6-20
Added Net: Name=NetJ1_120
