Added Component: Designator=P?(HDR1X20)
Add component (AddParameter): Name = "LatestRevisionDate"; Value = "17-Jul-2002"; VariantName = "[No Variations]"
Add component (AddParameter): Name = "LatestRevisionNote"; Value = "Re-released for DXP Platform."; VariantName = "[No Variations]"
Add component (AddParameter): Name = "Publisher"; Value = "Altium Limited"; VariantName = "[No Variations]"
Added Component: Designator=P?(HDR1X20)
Add component (AddParameter): Name = "LatestRevisionDate"; Value = "17-Jul-2002"; VariantName = "[No Variations]"
Add component (AddParameter): Name = "LatestRevisionNote"; Value = "Re-released for DXP Platform."; VariantName = "[No Variations]"
Add component (AddParameter): Name = "Publisher"; Value = "Altium Limited"; VariantName = "[No Variations]"
Added Component: Designator=P?(HDR1X20)
Add component (AddParameter): Name = "LatestRevisionDate"; Value = "17-Jul-2002"; VariantName = "[No Variations]"
Add component (AddParameter): Name = "LatestRevisionNote"; Value = "Re-released for DXP Platform."; VariantName = "[No Variations]"
Add component (AddParameter): Name = "Publisher"; Value = "Altium Limited"; VariantName = "[No Variations]"
Added Component: Designator=P?(HDR1X20)
Add component (AddParameter): Name = "LatestRevisionDate"; Value = "17-Jul-2002"; VariantName = "[No Variations]"
Add component (AddParameter): Name = "LatestRevisionNote"; Value = "Re-released for DXP Platform."; VariantName = "[No Variations]"
Add component (AddParameter): Name = "Publisher"; Value = "Altium Limited"; VariantName = "[No Variations]"
Added Component: Designator=P?(HDR1X20)
Add component (AddParameter): Name = "LatestRevisionDate"; Value = "17-Jul-2002"; VariantName = "[No Variations]"
Add component (AddParameter): Name = "LatestRevisionNote"; Value = "Re-released for DXP Platform."; VariantName = "[No Variations]"
Add component (AddParameter): Name = "Publisher"; Value = "Altium Limited"; VariantName = "[No Variations]"
Added Component: Designator=P?(HDR1X20)
Add component (AddParameter): Name = "LatestRevisionDate"; Value = "17-Jul-2002"; VariantName = "[No Variations]"
Add component (AddParameter): Name = "LatestRevisionNote"; Value = "Re-released for DXP Platform."; VariantName = "[No Variations]"
Add component (AddParameter): Name = "Publisher"; Value = "Altium Limited"; VariantName = "[No Variations]"
Added Pin To Net: NetName=NetJ1_02 Pin=P?-1
Added Pin To Net: NetName=NetJ1_39 Pin=P?-1
Added Pin To Net: NetName=NetJ1_42 Pin=P?-1
Added Pin To Net: NetName=NetJ1_79 Pin=P?-1
Added Pin To Net: NetName=NetJ1_82 Pin=P?-1
Added Pin To Net: NetName=NetJ1_119 Pin=P?-1
Added Pin To Net: NetName=NetJ1_04 Pin=P?-2
Added Pin To Net: NetName=NetJ1_37 Pin=P?-2
Added Pin To Net: NetName=NetJ1_44 Pin=P?-2
Added Pin To Net: NetName=NetJ1_77 Pin=P?-2
Added Pin To Net: NetName=NetJ1_84 Pin=P?-2
Added Pin To Net: NetName=NetJ1_117 Pin=P?-2
Added Pin To Net: NetName=NetJ1_06 Pin=P?-3
Added Pin To Net: NetName=NetJ1_35 Pin=P?-3
Added Pin To Net: NetName=NetJ1_46 Pin=P?-3
Added Pin To Net: NetName=NetJ1_75 Pin=P?-3
Added Pin To Net: NetName=NetJ1_86 Pin=P?-3
Added Pin To Net: NetName=NetJ1_115 Pin=P?-3
Added Pin To Net: NetName=NetJ1_08 Pin=P?-4
Added Pin To Net: NetName=NetJ1_33 Pin=P?-4
Added Pin To Net: NetName=NetJ1_48 Pin=P?-4
Added Pin To Net: NetName=NetJ1_73 Pin=P?-4
Added Pin To Net: NetName=NetJ1_88 Pin=P?-4
Added Pin To Net: NetName=NetJ1_113 Pin=P?-4
Added Pin To Net: NetName=NetJ1_10 Pin=P?-5
Added Pin To Net: NetName=NetJ1_31 Pin=P?-5
Added Pin To Net: NetName=NetJ1_50 Pin=P?-5
Added Pin To Net: NetName=NetJ1_71 Pin=P?-5
Added Pin To Net: NetName=NetJ1_90 Pin=P?-5
Added Pin To Net: NetName=NetJ1_111 Pin=P?-5
Added Pin To Net: NetName=NetJ1_12 Pin=P?-6
Added Pin To Net: NetName=NetJ1_29 Pin=P?-6
Added Pin To Net: NetName=NetJ1_52 Pin=P?-6
Added Pin To Net: NetName=NetJ1_69 Pin=P?-6
Added Pin To Net: NetName=NetJ1_92 Pin=P?-6
Added Pin To Net: NetName=NetJ1_109 Pin=P?-6
Added Pin To Net: NetName=NetJ1_14 Pin=P?-7
Added Pin To Net: NetName=NetJ1_27 Pin=P?-7
Added Pin To Net: NetName=NetJ1_54 Pin=P?-7
Added Pin To Net: NetName=NetJ1_67 Pin=P?-7
Added Pin To Net: NetName=NetJ1_94 Pin=P?-7
Added Pin To Net: NetName=NetJ1_107 Pin=P?-7
Added Pin To Net: NetName=NetJ1_16 Pin=P?-8
Added Pin To Net: NetName=NetJ1_25 Pin=P?-8
Added Pin To Net: NetName=NetJ1_56 Pin=P?-8
Added Pin To Net: NetName=NetJ1_65 Pin=P?-8
Added Pin To Net: NetName=NetJ1_96 Pin=P?-8
Added Pin To Net: NetName=NetJ1_105 Pin=P?-8
Added Pin To Net: NetName=NetJ1_18 Pin=P?-9
Added Pin To Net: NetName=NetJ1_23 Pin=P?-9
Added Pin To Net: NetName=NetJ1_58 Pin=P?-9
Added Pin To Net: NetName=NetJ1_63 Pin=P?-9
Added Pin To Net: NetName=NetJ1_98 Pin=P?-9
Added Pin To Net: NetName=NetJ1_103 Pin=P?-9
Added Pin To Net: NetName=NetJ1_20 Pin=P?-10
Added Pin To Net: NetName=NetJ1_21 Pin=P?-10
Added Pin To Net: NetName=NetJ1_60 Pin=P?-10
Added Pin To Net: NetName=NetJ1_61 Pin=P?-10
Added Pin To Net: NetName=NetJ1_100 Pin=P?-10
Added Pin To Net: NetName=NetJ1_101 Pin=P?-10
Added Pin To Net: NetName=NetJ1_19 Pin=P?-11
Added Pin To Net: NetName=NetJ1_22 Pin=P?-11
Added Pin To Net: NetName=NetJ1_59 Pin=P?-11
Added Pin To Net: NetName=NetJ1_62 Pin=P?-11
Added Pin To Net: NetName=NetJ1_99 Pin=P?-11
Added Pin To Net: NetName=NetJ1_102 Pin=P?-11
Added Pin To Net: NetName=NetJ1_17 Pin=P?-12
Added Pin To Net: NetName=NetJ1_24 Pin=P?-12
Added Pin To Net: NetName=NetJ1_57 Pin=P?-12
Added Pin To Net: NetName=NetJ1_64 Pin=P?-12
Added Pin To Net: NetName=NetJ1_97 Pin=P?-12
Added Pin To Net: NetName=NetJ1_104 Pin=P?-12
Added Pin To Net: NetName=NetJ1_15 Pin=P?-13
Added Pin To Net: NetName=NetJ1_26 Pin=P?-13
Added Pin To Net: NetName=NetJ1_55 Pin=P?-13
Added Pin To Net: NetName=NetJ1_66 Pin=P?-13
Added Pin To Net: NetName=NetJ1_95 Pin=P?-13
Added Pin To Net: NetName=NetJ1_106 Pin=P?-13
Added Pin To Net: NetName=NetJ1_13 Pin=P?-14
Added Pin To Net: NetName=NetJ1_28 Pin=P?-14
Added Pin To Net: NetName=NetJ1_53 Pin=P?-14
Added Pin To Net: NetName=NetJ1_68 Pin=P?-14
Added Pin To Net: NetName=NetJ1_93 Pin=P?-14
Added Pin To Net: NetName=NetJ1_108 Pin=P?-14
Added Pin To Net: NetName=NetJ1_11 Pin=P?-15
Added Pin To Net: NetName=NetJ1_30 Pin=P?-15
Added Pin To Net: NetName=NetJ1_51 Pin=P?-15
Added Pin To Net: NetName=NetJ1_70 Pin=P?-15
Added Pin To Net: NetName=NetJ1_91 Pin=P?-15
Added Pin To Net: NetName=NetJ1_110 Pin=P?-15
Added Pin To Net: NetName=NetJ1_09 Pin=P?-16
Added Pin To Net: NetName=NetJ1_32 Pin=P?-16
Added Pin To Net: NetName=NetJ1_49 Pin=P?-16
Added Pin To Net: NetName=NetJ1_72 Pin=P?-16
Added Pin To Net: NetName=NetJ1_89 Pin=P?-16
Added Pin To Net: NetName=NetJ1_112 Pin=P?-16
Added Pin To Net: NetName=NetJ1_07 Pin=P?-17
Added Pin To Net: NetName=NetJ1_34 Pin=P?-17
Added Pin To Net: NetName=NetJ1_47 Pin=P?-17
Added Pin To Net: NetName=NetJ1_74 Pin=P?-17
Added Pin To Net: NetName=NetJ1_87 Pin=P?-17
Added Pin To Net: NetName=NetJ1_114 Pin=P?-17
Added Pin To Net: NetName=NetJ1_05 Pin=P?-18
Added Pin To Net: NetName=NetJ1_36 Pin=P?-18
Added Pin To Net: NetName=NetJ1_45 Pin=P?-18
Added Pin To Net: NetName=NetJ1_76 Pin=P?-18
Added Pin To Net: NetName=NetJ1_85 Pin=P?-18
Added Pin To Net: NetName=NetJ1_116 Pin=P?-18
Added Pin To Net: NetName=NetJ1_03 Pin=P?-19
Added Pin To Net: NetName=NetJ1_38 Pin=P?-19
Added Pin To Net: NetName=NetJ1_43 Pin=P?-19
Added Pin To Net: NetName=NetJ1_78 Pin=P?-19
Added Pin To Net: NetName=NetJ1_83 Pin=P?-19
Added Pin To Net: NetName=NetJ1_118 Pin=P?-19
Added Pin To Net: NetName=NetJ1_01 Pin=P?-20
Added Pin To Net: NetName=NetJ1_40 Pin=P?-20
Added Pin To Net: NetName=NetJ1_41 Pin=P?-20
Added Pin To Net: NetName=NetJ1_80 Pin=P?-20
Added Pin To Net: NetName=NetJ1_81 Pin=P?-20
Added Pin To Net: NetName=NetJ1_120 Pin=P?-20
