Removed Pin From Net: NetName=NetJ1_02 Pin=P2-1
Removed Pin From Net: NetName=NetJ1_04 Pin=P2-2
Removed Pin From Net: NetName=NetJ1_06 Pin=P2-3
Removed Pin From Net: NetName=NetJ1_08 Pin=P2-4
Removed Pin From Net: NetName=NetJ1_10 Pin=P2-5
Removed Pin From Net: NetName=NetJ1_12 Pin=P2-6
Removed Pin From Net: NetName=NetJ1_14 Pin=P2-7
Removed Pin From Net: NetName=NetJ1_16 Pin=P2-8
Removed Pin From Net: NetName=NetJ1_18 Pin=P2-9
Removed Pin From Net: NetName=NetJ1_20 Pin=P2-10
Removed Pin From Net: NetName=NetJ1_22 Pin=P2-11
Removed Pin From Net: NetName=NetJ1_24 Pin=P2-12
Removed Pin From Net: NetName=NetJ1_26 Pin=P2-13
Removed Pin From Net: NetName=NetJ1_28 Pin=P2-14
Removed Pin From Net: NetName=NetJ1_30 Pin=P2-15
Removed Pin From Net: NetName=NetJ1_32 Pin=P2-16
Removed Pin From Net: NetName=NetJ1_34 Pin=P2-17
Removed Pin From Net: NetName=NetJ1_36 Pin=P2-18
Removed Pin From Net: NetName=NetJ1_38 Pin=P2-19
Removed Pin From Net: NetName=NetJ1_40 Pin=P2-20
Removed Pin From Net: NetName=NetJ1_79 Pin=P3-1
Removed Pin From Net: NetName=NetJ1_77 Pin=P3-2
Removed Pin From Net: NetName=NetJ1_75 Pin=P3-3
Removed Pin From Net: NetName=NetJ1_73 Pin=P3-4
Removed Pin From Net: NetName=NetJ1_71 Pin=P3-5
Removed Pin From Net: NetName=NetJ1_69 Pin=P3-6
Removed Pin From Net: NetName=NetJ1_67 Pin=P3-7
Removed Pin From Net: NetName=NetJ1_65 Pin=P3-8
Removed Pin From Net: NetName=NetJ1_63 Pin=P3-9
Removed Pin From Net: NetName=NetJ1_61 Pin=P3-10
Removed Pin From Net: NetName=NetJ1_59 Pin=P3-11
Removed Pin From Net: NetName=NetJ1_57 Pin=P3-12
Removed Pin From Net: NetName=NetJ1_55 Pin=P3-13
Removed Pin From Net: NetName=NetJ1_53 Pin=P3-14
Removed Pin From Net: NetName=NetJ1_51 Pin=P3-15
Removed Pin From Net: NetName=NetJ1_49 Pin=P3-16
Removed Pin From Net: NetName=NetJ1_47 Pin=P3-17
Removed Pin From Net: NetName=NetJ1_45 Pin=P3-18
Removed Pin From Net: NetName=NetJ1_43 Pin=P3-19
Removed Pin From Net: NetName=NetJ1_41 Pin=P3-20
Removed Pin From Net: NetName=NetJ1_42 Pin=P4-1
Removed Pin From Net: NetName=NetJ1_44 Pin=P4-2
Removed Pin From Net: NetName=NetJ1_46 Pin=P4-3
Removed Pin From Net: NetName=NetJ1_48 Pin=P4-4
Removed Pin From Net: NetName=NetJ1_50 Pin=P4-5
Removed Pin From Net: NetName=NetJ1_52 Pin=P4-6
Removed Pin From Net: NetName=NetJ1_54 Pin=P4-7
Removed Pin From Net: NetName=NetJ1_56 Pin=P4-8
Removed Pin From Net: NetName=NetJ1_58 Pin=P4-9
Removed Pin From Net: NetName=NetJ1_60 Pin=P4-10
Removed Pin From Net: NetName=NetJ1_62 Pin=P4-11
Removed Pin From Net: NetName=NetJ1_64 Pin=P4-12
Removed Pin From Net: NetName=NetJ1_66 Pin=P4-13
Removed Pin From Net: NetName=NetJ1_68 Pin=P4-14
Removed Pin From Net: NetName=NetJ1_70 Pin=P4-15
Removed Pin From Net: NetName=NetJ1_72 Pin=P4-16
Removed Pin From Net: NetName=NetJ1_74 Pin=P4-17
Removed Pin From Net: NetName=NetJ1_76 Pin=P4-18
Removed Pin From Net: NetName=NetJ1_78 Pin=P4-19
Removed Pin From Net: NetName=NetJ1_80 Pin=P4-20
Removed Pin From Net: NetName=NetJ1_119 Pin=P5-1
Removed Pin From Net: NetName=NetJ1_117 Pin=P5-2
Removed Pin From Net: NetName=NetJ1_115 Pin=P5-3
Removed Pin From Net: NetName=NetJ1_113 Pin=P5-4
Removed Pin From Net: NetName=NetJ1_111 Pin=P5-5
Removed Pin From Net: NetName=NetJ1_109 Pin=P5-6
Removed Pin From Net: NetName=NetJ1_107 Pin=P5-7
Removed Pin From Net: NetName=NetJ1_105 Pin=P5-8
Removed Pin From Net: NetName=NetJ1_103 Pin=P5-9
Removed Pin From Net: NetName=NetJ1_101 Pin=P5-10
Removed Pin From Net: NetName=NetJ1_99 Pin=P5-11
Removed Pin From Net: NetName=NetJ1_97 Pin=P5-12
Removed Pin From Net: NetName=NetJ1_95 Pin=P5-13
Removed Pin From Net: NetName=NetJ1_93 Pin=P5-14
Removed Pin From Net: NetName=NetJ1_91 Pin=P5-15
Removed Pin From Net: NetName=NetJ1_89 Pin=P5-16
Removed Pin From Net: NetName=NetJ1_87 Pin=P5-17
Removed Pin From Net: NetName=NetJ1_85 Pin=P5-18
Removed Pin From Net: NetName=NetJ1_83 Pin=P5-19
Removed Pin From Net: NetName=NetJ1_81 Pin=P5-20
Removed Pin From Net: NetName=NetJ1_82 Pin=P6-1
Removed Pin From Net: NetName=NetJ1_84 Pin=P6-2
Removed Pin From Net: NetName=NetJ1_86 Pin=P6-3
Removed Pin From Net: NetName=NetJ1_88 Pin=P6-4
Removed Pin From Net: NetName=NetJ1_90 Pin=P6-5
Removed Pin From Net: NetName=NetJ1_92 Pin=P6-6
Removed Pin From Net: NetName=NetJ1_94 Pin=P6-7
Removed Pin From Net: NetName=NetJ1_96 Pin=P6-8
Removed Pin From Net: NetName=NetJ1_98 Pin=P6-9
Removed Pin From Net: NetName=NetJ1_100 Pin=P6-10
Removed Pin From Net: NetName=NetJ1_102 Pin=P6-11
Removed Pin From Net: NetName=NetJ1_104 Pin=P6-12
Removed Pin From Net: NetName=NetJ1_106 Pin=P6-13
Removed Pin From Net: NetName=NetJ1_108 Pin=P6-14
Removed Pin From Net: NetName=NetJ1_110 Pin=P6-15
Removed Pin From Net: NetName=NetJ1_112 Pin=P6-16
Removed Pin From Net: NetName=NetJ1_114 Pin=P6-17
Removed Pin From Net: NetName=NetJ1_116 Pin=P6-18
Removed Pin From Net: NetName=NetJ1_118 Pin=P6-19
Removed Pin From Net: NetName=NetJ1_120 Pin=P6-20
Change Component Footprint: Designator=P1 Old Footprint=MHDR1X20 New Footprint=HDR1X20
Change Component Comment : Designator=P1 Old Comment=MHDR1X20 New Comment=Header 20
Added Component: Designator=P?(HDR1X20)
Add component (AddParameter): Name = "LatestRevisionDate"; Value = "17-Jul-2002"; VariantName = "[No Variations]"
Add component (AddParameter): Name = "LatestRevisionNote"; Value = "Re-released for DXP Platform."; VariantName = "[No Variations]"
Add component (AddParameter): Name = "Publisher"; Value = "Altium Limited"; VariantName = "[No Variations]"
Added Component: Designator=P?(HDR1X20)
Add component (AddParameter): Name = "LatestRevisionDate"; Value = "17-Jul-2002"; VariantName = "[No Variations]"
Add component (AddParameter): Name = "LatestRevisionNote"; Value = "Re-released for DXP Platform."; VariantName = "[No Variations]"
Add component (AddParameter): Name = "Publisher"; Value = "Altium Limited"; VariantName = "[No Variations]"
Added Component: Designator=P?(HDR1X20)
Add component (AddParameter): Name = "LatestRevisionDate"; Value = "17-Jul-2002"; VariantName = "[No Variations]"
Add component (AddParameter): Name = "LatestRevisionNote"; Value = "Re-released for DXP Platform."; VariantName = "[No Variations]"
Add component (AddParameter): Name = "Publisher"; Value = "Altium Limited"; VariantName = "[No Variations]"
Added Component: Designator=P?(HDR1X20)
Add component (AddParameter): Name = "LatestRevisionDate"; Value = "17-Jul-2002"; VariantName = "[No Variations]"
Add component (AddParameter): Name = "LatestRevisionNote"; Value = "Re-released for DXP Platform."; VariantName = "[No Variations]"
Add component (AddParameter): Name = "Publisher"; Value = "Altium Limited"; VariantName = "[No Variations]"
Added Component: Designator=P?(HDR1X20)
Add component (AddParameter): Name = "LatestRevisionDate"; Value = "17-Jul-2002"; VariantName = "[No Variations]"
Add component (AddParameter): Name = "LatestRevisionNote"; Value = "Re-released for DXP Platform."; VariantName = "[No Variations]"
Add component (AddParameter): Name = "Publisher"; Value = "Altium Limited"; VariantName = "[No Variations]"
Added Pin To Net: NetName=NetJ1_02 Pin=P?-1
Added Pin To Net: NetName=NetJ1_42 Pin=P?-1
Added Pin To Net: NetName=NetJ1_79 Pin=P?-1
Added Pin To Net: NetName=NetJ1_82 Pin=P?-1
Added Pin To Net: NetName=NetJ1_119 Pin=P?-1
Added Pin To Net: NetName=NetJ1_04 Pin=P?-2
Added Pin To Net: NetName=NetJ1_44 Pin=P?-2
Added Pin To Net: NetName=NetJ1_77 Pin=P?-2
Added Pin To Net: NetName=NetJ1_84 Pin=P?-2
Added Pin To Net: NetName=NetJ1_117 Pin=P?-2
Added Pin To Net: NetName=NetJ1_06 Pin=P?-3
Added Pin To Net: NetName=NetJ1_46 Pin=P?-3
Added Pin To Net: NetName=NetJ1_75 Pin=P?-3
Added Pin To Net: NetName=NetJ1_86 Pin=P?-3
Added Pin To Net: NetName=NetJ1_115 Pin=P?-3
Added Pin To Net: NetName=NetJ1_08 Pin=P?-4
Added Pin To Net: NetName=NetJ1_48 Pin=P?-4
Added Pin To Net: NetName=NetJ1_73 Pin=P?-4
Added Pin To Net: NetName=NetJ1_88 Pin=P?-4
Added Pin To Net: NetName=NetJ1_113 Pin=P?-4
Added Pin To Net: NetName=NetJ1_10 Pin=P?-5
Added Pin To Net: NetName=NetJ1_50 Pin=P?-5
Added Pin To Net: NetName=NetJ1_71 Pin=P?-5
Added Pin To Net: NetName=NetJ1_90 Pin=P?-5
Added Pin To Net: NetName=NetJ1_111 Pin=P?-5
Added Pin To Net: NetName=NetJ1_12 Pin=P?-6
Added Pin To Net: NetName=NetJ1_52 Pin=P?-6
Added Pin To Net: NetName=NetJ1_69 Pin=P?-6
Added Pin To Net: NetName=NetJ1_92 Pin=P?-6
Added Pin To Net: NetName=NetJ1_109 Pin=P?-6
Added Pin To Net: NetName=NetJ1_14 Pin=P?-7
Added Pin To Net: NetName=NetJ1_54 Pin=P?-7
Added Pin To Net: NetName=NetJ1_67 Pin=P?-7
Added Pin To Net: NetName=NetJ1_94 Pin=P?-7
Added Pin To Net: NetName=NetJ1_107 Pin=P?-7
Added Pin To Net: NetName=NetJ1_16 Pin=P?-8
Added Pin To Net: NetName=NetJ1_56 Pin=P?-8
Added Pin To Net: NetName=NetJ1_65 Pin=P?-8
Added Pin To Net: NetName=NetJ1_96 Pin=P?-8
Added Pin To Net: NetName=NetJ1_105 Pin=P?-8
Added Pin To Net: NetName=NetJ1_18 Pin=P?-9
Added Pin To Net: NetName=NetJ1_58 Pin=P?-9
Added Pin To Net: NetName=NetJ1_63 Pin=P?-9
Added Pin To Net: NetName=NetJ1_98 Pin=P?-9
Added Pin To Net: NetName=NetJ1_103 Pin=P?-9
Added Pin To Net: NetName=NetJ1_20 Pin=P?-10
Added Pin To Net: NetName=NetJ1_60 Pin=P?-10
Added Pin To Net: NetName=NetJ1_61 Pin=P?-10
Added Pin To Net: NetName=NetJ1_100 Pin=P?-10
Added Pin To Net: NetName=NetJ1_101 Pin=P?-10
Added Pin To Net: NetName=NetJ1_22 Pin=P?-11
Added Pin To Net: NetName=NetJ1_59 Pin=P?-11
Added Pin To Net: NetName=NetJ1_62 Pin=P?-11
Added Pin To Net: NetName=NetJ1_99 Pin=P?-11
Added Pin To Net: NetName=NetJ1_102 Pin=P?-11
Added Pin To Net: NetName=NetJ1_24 Pin=P?-12
Added Pin To Net: NetName=NetJ1_57 Pin=P?-12
Added Pin To Net: NetName=NetJ1_64 Pin=P?-12
Added Pin To Net: NetName=NetJ1_97 Pin=P?-12
Added Pin To Net: NetName=NetJ1_104 Pin=P?-12
Added Pin To Net: NetName=NetJ1_26 Pin=P?-13
Added Pin To Net: NetName=NetJ1_55 Pin=P?-13
Added Pin To Net: NetName=NetJ1_66 Pin=P?-13
Added Pin To Net: NetName=NetJ1_95 Pin=P?-13
Added Pin To Net: NetName=NetJ1_106 Pin=P?-13
Added Pin To Net: NetName=NetJ1_28 Pin=P?-14
Added Pin To Net: NetName=NetJ1_53 Pin=P?-14
Added Pin To Net: NetName=NetJ1_68 Pin=P?-14
Added Pin To Net: NetName=NetJ1_93 Pin=P?-14
Added Pin To Net: NetName=NetJ1_108 Pin=P?-14
Added Pin To Net: NetName=NetJ1_30 Pin=P?-15
Added Pin To Net: NetName=NetJ1_51 Pin=P?-15
Added Pin To Net: NetName=NetJ1_70 Pin=P?-15
Added Pin To Net: NetName=NetJ1_91 Pin=P?-15
Added Pin To Net: NetName=NetJ1_110 Pin=P?-15
Added Pin To Net: NetName=NetJ1_32 Pin=P?-16
Added Pin To Net: NetName=NetJ1_49 Pin=P?-16
Added Pin To Net: NetName=NetJ1_72 Pin=P?-16
Added Pin To Net: NetName=NetJ1_89 Pin=P?-16
Added Pin To Net: NetName=NetJ1_112 Pin=P?-16
Added Pin To Net: NetName=NetJ1_34 Pin=P?-17
Added Pin To Net: NetName=NetJ1_47 Pin=P?-17
Added Pin To Net: NetName=NetJ1_74 Pin=P?-17
Added Pin To Net: NetName=NetJ1_87 Pin=P?-17
Added Pin To Net: NetName=NetJ1_114 Pin=P?-17
Added Pin To Net: NetName=NetJ1_36 Pin=P?-18
Added Pin To Net: NetName=NetJ1_45 Pin=P?-18
Added Pin To Net: NetName=NetJ1_76 Pin=P?-18
Added Pin To Net: NetName=NetJ1_85 Pin=P?-18
Added Pin To Net: NetName=NetJ1_116 Pin=P?-18
Added Pin To Net: NetName=NetJ1_38 Pin=P?-19
Added Pin To Net: NetName=NetJ1_43 Pin=P?-19
Added Pin To Net: NetName=NetJ1_78 Pin=P?-19
Added Pin To Net: NetName=NetJ1_83 Pin=P?-19
Added Pin To Net: NetName=NetJ1_118 Pin=P?-19
Added Pin To Net: NetName=NetJ1_40 Pin=P?-20
Added Pin To Net: NetName=NetJ1_41 Pin=P?-20
Added Pin To Net: NetName=NetJ1_80 Pin=P?-20
Added Pin To Net: NetName=NetJ1_81 Pin=P?-20
Added Pin To Net: NetName=NetJ1_120 Pin=P?-20
